# JRE version: OpenJDK Runtime Environment (11.0.4+11) (build 11.0.4+11-post-Ubuntu-1ubuntu218.04.3)
# Java VM: OpenJDK 64-Bit Server VM (11.0.4+11-post-Ubuntu-1ubuntu218.04.3, mixed mode, sharing, tiered, compressed oops, g1 gc, linux-amd64)
Heap:
 garbage-first heap   total 1683456K, used 323708K [0x0000000707200000, 0x0000000800000000)
  region size 1024K, 10 young (10240K), 10 survivors (10240K)
 Metaspace       used 11279K, capacity 11789K, committed 12032K, reserved 1060864K
  class space    used 1280K, capacity 1517K, committed 1536K, reserved 1048576K
GC Heap History (10 events):
Event: 29,176 GC heap after
{Heap after GC invocations=11 (full 0):
 garbage-first heap   total 324608K, used 186492K [0x0000000707200000, 0x0000000800000000)
  region size 1024K, 9 young (9216K), 9 survivors (9216K)
 Metaspace       used 11279K, capacity 11789K, committed 12032K, reserved 1060864K
  class space    used 1280K, capacity 1517K, committed 1536K, reserved 1048576K
}
Event: 29,234 GC heap before
{Heap before GC invocations=11 (full 0):
 garbage-first heap   total 324608K, used 234620K [0x0000000707200000, 0x0000000800000000)
  region size 1024K, 56 young (57344K), 9 survivors (9216K)
 Metaspace       used 11279K, capacity 11789K, committed 12032K, reserved 1060864K
  class space    used 1280K, capacity 1517K, committed 1536K, reserved 1048576K
}
Event: 29,363 GC heap after
{Heap after GC invocations=12 (full 0):
 garbage-first heap   total 561152K, used 214140K [0x0000000707200000, 0x0000000800000000)
  region size 1024K, 7 young (7168K), 7 survivors (7168K)
 Metaspace       used 11279K, capacity 11789K, committed 12032K, reserved 1060864K
  class space    used 1280K, capacity 1517K, committed 1536K, reserved 1048576K
}
Event: 29,445 GC heap before
{Heap before GC invocations=12 (full 0):
 garbage-first heap   total 561152K, used 276604K [0x0000000707200000, 0x0000000800000000)
  region size 1024K, 68 young (69632K), 7 survivors (7168K)
 Metaspace       used 11279K, capacity 11789K, committed 12032K, reserved 1060864K
  class space    used 1280K, capacity 1517K, committed 1536K, reserved 1048576K
}
Event: 29,580 GC heap after
{Heap after GC invocations=13 (full 0):
 garbage-first heap   total 561152K, used 247932K [0x0000000707200000, 0x0000000800000000)
  region size 1024K, 9 young (9216K), 9 survivors (9216K)
 Metaspace       used 11279K, capacity 11789K, committed 12032K, reserved 1060864K
  class space    used 1280K, capacity 1517K, committed 1536K, reserved 1048576K
}
Event: 29,660 GC heap before
{Heap before GC invocations=13 (full 0):
 garbage-first heap   total 561152K, used 310396K [0x0000000707200000, 0x0000000800000000)
  region size 1024K, 70 young (71680K), 9 survivors (9216K)
 Metaspace       used 11279K, capacity 11789K, committed 12032K, reserved 1060864K
  class space    used 1280K, capacity 1517K, committed 1536K, reserved 1048576K
}
Event: 29,812 GC heap after
{Heap after GC invocations=14 (full 0):
 garbage-first heap   total 561152K, used 271996K [0x0000000707200000, 0x0000000800000000)
  region size 1024K, 9 young (9216K), 9 survivors (9216K)
 Metaspace       used 11279K, capacity 11789K, committed 12032K, reserved 1060864K
  class space    used 1280K, capacity 1517K, committed 1536K, reserved 1048576K
}
Event: 29,968 GC heap before
{Heap before GC invocations=14 (full 0):
 garbage-first heap   total 561152K, used 337532K [0x0000000707200000, 0x0000000800000000)
  region size 1024K, 73 young (74752K), 9 survivors (9216K)
 Metaspace       used 11279K, capacity 11789K, committed 12032K, reserved 1060864K
  class space    used 1280K, capacity 1517K, committed 1536K, reserved 1048576K
}
Event: 30,084 GC heap after
{Heap after GC invocations=15 (full 0):
 garbage-first heap   total 561152K, used 297596K [0x0000000707200000, 0x0000000800000000)
  region size 1024K, 10 young (10240K), 10 survivors (10240K)
 Metaspace       used 11279K, capacity 11789K, committed 12032K, reserved 1060864K
  class space    used 1280K, capacity 1517K, committed 1536K, reserved 1048576K
}
Event: 30,312 GC heap before
{Heap before GC invocations=15 (full 0):
 garbage-first heap   total 561152K, used 365180K [0x0000000707200000, 0x0000000800000000)
  region size 1024K, 76 young (77824K), 10 survivors (10240K)
 Metaspace       used 11279K, capacity 11789K, committed 12032K, reserved 1060864K
  class space    used 1280K, capacity 1517K, committed 1536K, reserved 1048576K
}

